info Welcome to React Native v0.76
info Starting dev server on port 8081...

                        ‚Ėí‚Ėí‚Ėď‚Ėď‚Ėď‚Ėď‚Ėí‚Ėí
                     ‚Ėí‚Ėď‚Ėď‚Ėď‚Ėí‚Ėí‚ĖĎ‚ĖĎ‚Ėí‚Ėí‚Ėď‚Ėď‚Ėď‚Ėí
                  ‚Ėí‚Ėď‚Ėď‚Ėď‚Ėď‚ĖĎ‚ĖĎ‚ĖĎ‚Ėí‚Ėí‚Ėí‚Ėí‚ĖĎ‚ĖĎ‚ĖĎ‚Ėď‚Ėď‚Ėď‚Ėď‚Ėí
                 ‚Ėď‚Ėď‚Ėí‚Ėí‚Ėí‚Ėď‚Ėď‚Ėď‚Ėď‚Ėď‚Ėď‚Ėď‚Ėď‚Ėď‚Ėď‚Ėď‚Ėď‚Ėí‚Ėí‚Ėí‚Ėď‚Ėď
                 ‚Ėď‚Ėď‚ĖĎ‚ĖĎ‚ĖĎ‚ĖĎ‚ĖĎ‚Ėí‚Ėď‚Ėď‚Ėď‚Ėď‚Ėď‚Ėď‚Ėí‚ĖĎ‚ĖĎ‚ĖĎ‚ĖĎ‚ĖĎ‚Ėď‚Ėď
                 ‚Ėď‚Ėď‚ĖĎ‚ĖĎ‚Ėď‚Ėď‚Ėí‚ĖĎ‚ĖĎ‚ĖĎ‚Ėí‚Ėí‚ĖĎ‚ĖĎ‚ĖĎ‚Ėí‚Ėď‚Ėí‚ĖĎ‚ĖĎ‚Ėď‚Ėď
                 ‚Ėď‚Ėď‚ĖĎ‚ĖĎ‚Ėď‚Ėď‚Ėď‚Ėď‚Ėď‚Ėí‚Ėí‚Ėí‚Ėí‚Ėď‚Ėď‚Ėď‚Ėď‚Ėí‚ĖĎ‚ĖĎ‚Ėď‚Ėď
                 ‚Ėď‚Ėď‚ĖĎ‚ĖĎ‚Ėď‚Ėď‚Ėď‚Ėď‚Ėď‚Ėď‚Ėď‚Ėď‚Ėď‚Ėď‚Ėď‚Ėď‚Ėď‚Ėí‚ĖĎ‚ĖĎ‚Ėď‚Ėď
                 ‚Ėď‚Ėď‚Ėí‚ĖĎ‚ĖĎ‚Ėí‚Ėí‚Ėď‚Ėď‚Ėď‚Ėď‚Ėď‚Ėď‚Ėď‚Ėď‚Ėí‚ĖĎ‚ĖĎ‚ĖĎ‚Ėí‚Ėď‚Ėď
                  ‚Ėí‚Ėď‚Ėď‚Ėď‚Ėí‚ĖĎ‚ĖĎ‚ĖĎ‚Ėí‚Ėď‚Ėď‚Ėí‚ĖĎ‚ĖĎ‚ĖĎ‚Ėí‚Ėď‚Ėď‚Ėď‚Ėí
                     ‚Ėí‚Ėď‚Ėď‚Ėď‚Ėí‚ĖĎ‚ĖĎ‚ĖĎ‚ĖĎ‚Ėí‚Ėď‚Ėď‚Ėď‚Ėí
                        ‚Ėí‚Ėí‚Ėď‚Ėď‚Ėď‚Ėď‚Ėí‚Ėí


 WARN  the transform cache was reset.
                Welcome to Metro v0.81.5
              Fast - Scalable - Integrated


info Dev server ready

i - run on iOS
a - run on Android
r - reload app
d - open Dev Menu
j - open DevTools

